Start testing: Nov 19 12:15 EET
----------------------------------------------------------
1/1 Testing: vector_test
1/1 Test: vector_test
Command: "/Users/karimhasebou/projects/Open-compute/bin/vector_test"
Directory: /Users/karimhasebou/projects/Open-compute/tests
"vector_test" start time: Nov 19 12:15 EET
Output:
----------------------------------------------------------
Running main() from /Users/karimhasebou/projects/Open-compute/googletest-src/googletest/src/gtest_main.cc
[==========] Running 2 tests from 1 test suite.
[----------] Global test environment set-up.
[----------] 2 tests from addTest
[ RUN      ] addTest.int_out_off_place
[       OK ] addTest.int_out_off_place (0 ms)
[ RUN      ] addTest.int_out_in_place
[       OK ] addTest.int_out_in_place (0 ms)
[----------] 2 tests from addTest (0 ms total)

[----------] Global test environment tear-down
[==========] 2 tests from 1 test suite ran. (0 ms total)
[  PASSED  ] 2 tests.
<end of output>
Test time =   0.00 sec
----------------------------------------------------------
Test Passed.
"vector_test" end time: Nov 19 12:15 EET
"vector_test" time elapsed: 00:00:00
----------------------------------------------------------

End testing: Nov 19 12:15 EET
